{"/Users/dhanushka.krishnajith/workspace/ledger-as-a-service-hackeroo/src/index.ts": {"path":"/Users/dhanushka.krishnajith/workspace/ledger-as-a-service-hackeroo/src/index.ts","statementMap":{"0":{"start":{"line":1,"column":0},"end":{"line":1,"column":18}},"1":{"start":{"line":3,"column":0},"end":{"line":3,"column":null}},"2":{"start":{"line":11,"column":0},"end":{"line":11,"column":65}},"3":{"start":{"line":12,"column":0},"end":{"line":12,"column":97}},"4":{"start":{"line":13,"column":0},"end":{"line":13,"column":68}},"5":{"start":{"line":14,"column":0},"end":{"line":14,"column":69}},"6":{"start":{"line":17,"column":0},"end":{"line":17,"column":49}},"7":{"start":{"line":18,"column":0},"end":{"line":18,"column":28}},"8":{"start":{"line":20,"column":13},"end":{"line":20,"column":38}},"9":{"start":{"line":21,"column":0},"end":{"line":21,"column":16}},"10":{"start":{"line":22,"column":0},"end":{"line":22,"column":33}},"11":{"start":{"line":42,"column":24},"end":{"line":50,"column":1}},"12":{"start":{"line":44,"column":2},"end":{"line":46,"column":null}},"13":{"start":{"line":45,"column":4},"end":{"line":45,"column":63}},"14":{"start":{"line":47,"column":2},"end":{"line":49,"column":null}},"15":{"start":{"line":48,"column":4},"end":{"line":48,"column":59}},"16":{"start":{"line":52,"column":0},"end":{"line":69,"column":2}},"17":{"start":{"line":55,"column":4},"end":{"line":67,"column":null}},"18":{"start":{"line":56,"column":26},"end":{"line":56,"column":34}},"19":{"start":{"line":57,"column":46},"end":{"line":57,"column":57}},"20":{"start":{"line":58,"column":6},"end":{"line":58,"column":51}},"21":{"start":{"line":60,"column":21},"end":{"line":60,"column":77}},"22":{"start":{"line":62,"column":29},"end":{"line":62,"column":87}},"23":{"start":{"line":63,"column":6},"end":{"line":63,"column":27}},"24":{"start":{"line":64,"column":6},"end":{"line":64,"column":43}},"25":{"start":{"line":66,"column":6},"end":{"line":66,"column":14}},"26":{"start":{"line":71,"column":0},"end":{"line":96,"column":2}},"27":{"start":{"line":74,"column":4},"end":{"line":94,"column":null}},"28":{"start":{"line":80,"column":10},"end":{"line":80,"column":19}},"29":{"start":{"line":82,"column":6},"end":{"line":82,"column":51}},"30":{"start":{"line":84,"column":21},"end":{"line":84,"column":90}},"31":{"start":{"line":86,"column":30},"end":{"line":89,"column":8}},"32":{"start":{"line":90,"column":6},"end":{"line":90,"column":27}},"33":{"start":{"line":91,"column":6},"end":{"line":91,"column":44}},"34":{"start":{"line":93,"column":6},"end":{"line":93,"column":14}},"35":{"start":{"line":98,"column":0},"end":{"line":120,"column":2}},"36":{"start":{"line":101,"column":4},"end":{"line":118,"column":null}},"37":{"start":{"line":106,"column":10},"end":{"line":106,"column":19}},"38":{"start":{"line":108,"column":6},"end":{"line":108,"column":51}},"39":{"start":{"line":109,"column":21},"end":{"line":109,"column":77}},"40":{"start":{"line":111,"column":22},"end":{"line":113,"column":8}},"41":{"start":{"line":114,"column":6},"end":{"line":114,"column":27}},"42":{"start":{"line":115,"column":6},"end":{"line":115,"column":36}},"43":{"start":{"line":117,"column":6},"end":{"line":117,"column":14}},"44":{"start":{"line":122,"column":0},"end":{"line":138,"column":3}},"45":{"start":{"line":123,"column":2},"end":{"line":137,"column":null}},"46":{"start":{"line":124,"column":60},"end":{"line":124,"column":68}},"47":{"start":{"line":126,"column":4},"end":{"line":126,"column":49}},"48":{"start":{"line":127,"column":4},"end":{"line":129,"column":null}},"49":{"start":{"line":128,"column":6},"end":{"line":128,"column":64}},"50":{"start":{"line":130,"column":32},"end":{"line":130,"column":88}},"51":{"start":{"line":132,"column":20},"end":{"line":132,"column":79}},"52":{"start":{"line":133,"column":4},"end":{"line":133,"column":25}},"53":{"start":{"line":134,"column":4},"end":{"line":134,"column":34}},"54":{"start":{"line":136,"column":4},"end":{"line":136,"column":12}},"55":{"start":{"line":141,"column":0},"end":{"line":143,"column":3}},"56":{"start":{"line":142,"column":2},"end":{"line":142,"column":32}},"57":{"start":{"line":145,"column":0},"end":{"line":145,"column":33}}},"fnMap":{"0":{"name":"(anonymous_7)","decl":{"start":{"line":42,"column":24},"end":{"line":42,"column":25}},"loc":{"start":{"line":42,"column":77},"end":{"line":50,"column":1}}},"1":{"name":"(anonymous_8)","decl":{"start":{"line":54,"column":2},"end":{"line":54,"column":7}},"loc":{"start":{"line":54,"column":100},"end":{"line":68,"column":3}}},"2":{"name":"(anonymous_9)","decl":{"start":{"line":73,"column":2},"end":{"line":73,"column":7}},"loc":{"start":{"line":73,"column":109},"end":{"line":95,"column":3}}},"3":{"name":"(anonymous_10)","decl":{"start":{"line":100,"column":2},"end":{"line":100,"column":7}},"loc":{"start":{"line":100,"column":104},"end":{"line":119,"column":3}}},"4":{"name":"(anonymous_11)","decl":{"start":{"line":122,"column":21},"end":{"line":122,"column":26}},"loc":{"start":{"line":122,"column":114},"end":{"line":138,"column":1}}},"5":{"name":"(anonymous_12)","decl":{"start":{"line":141,"column":17},"end":{"line":141,"column":18}},"loc":{"start":{"line":141,"column":50},"end":{"line":143,"column":1}}}},"branchMap":{"0":{"loc":{"start":{"line":44,"column":2},"end":{"line":46,"column":null}},"type":"if","locations":[{"start":{"line":44,"column":2},"end":{"line":46,"column":null}}]},"1":{"loc":{"start":{"line":47,"column":2},"end":{"line":49,"column":null}},"type":"if","locations":[{"start":{"line":47,"column":2},"end":{"line":49,"column":null}}]},"2":{"loc":{"start":{"line":87,"column":15},"end":{"line":87,"column":48}},"type":"cond-expr","locations":[{"start":{"line":87,"column":23},"end":{"line":87,"column":36}},{"start":{"line":87,"column":39},"end":{"line":87,"column":48}}]},"3":{"loc":{"start":{"line":112,"column":32},"end":{"line":112,"column":108}},"type":"cond-expr","locations":[{"start":{"line":112,"column":73},"end":{"line":112,"column":96}},{"start":{"line":112,"column":99},"end":{"line":112,"column":108}}]},"4":{"loc":{"start":{"line":127,"column":4},"end":{"line":129,"column":null}},"type":"if","locations":[{"start":{"line":127,"column":4},"end":{"line":129,"column":null}}]}},"s":{"0":2,"1":2,"2":2,"3":2,"4":2,"5":2,"6":2,"7":2,"8":2,"9":2,"10":2,"11":2,"12":17,"13":1,"14":16,"15":1,"16":2,"17":10,"18":10,"19":10,"20":10,"21":8,"22":8,"23":1,"24":1,"25":9,"26":2,"27":2,"28":2,"29":2,"30":2,"31":2,"32":1,"33":1,"34":1,"35":2,"36":2,"37":2,"38":2,"39":2,"40":2,"41":1,"42":1,"43":1,"44":2,"45":3,"46":3,"47":3,"48":3,"49":1,"50":2,"51":2,"52":1,"53":1,"54":2,"55":2,"56":1,"57":2},"f":{"0":17,"1":10,"2":2,"3":2,"4":3,"5":1},"b":{"0":[1],"1":[1],"2":[1,1],"3":[1,1],"4":[1]}}
,"/Users/dhanushka.krishnajith/workspace/ledger-as-a-service-hackeroo/src/pino.ts": {"path":"/Users/dhanushka.krishnajith/workspace/ledger-as-a-service-hackeroo/src/pino.ts","statementMap":{"0":{"start":{"line":1,"column":0},"end":{"line":1,"column":24}},"1":{"start":{"line":2,"column":0},"end":{"line":2,"column":30}},"2":{"start":{"line":4,"column":15},"end":{"line":21,"column":2}},"3":{"start":{"line":6,"column":17},"end":{"line":6,"column":40}},"4":{"start":{"line":7,"column":38},"end":{"line":7,"column":47}},"5":{"start":{"line":8,"column":37},"end":{"line":8,"column":46}},"6":{"start":{"line":11,"column":4},"end":{"line":14,"column":null}},"7":{"start":{"line":12,"column":6},"end":{"line":12,"column":43}},"8":{"start":{"line":13,"column":6},"end":{"line":13,"column":41}},"9":{"start":{"line":16,"column":4},"end":{"line":19,"column":6}},"10":{"start":{"line":23,"column":0},"end":{"line":23,"column":22}}},"fnMap":{"0":{"name":"(anonymous_1)","decl":{"start":{"line":5,"column":2},"end":{"line":5,"column":7}},"loc":{"start":{"line":5,"column":7},"end":{"line":20,"column":3}}}},"branchMap":{"0":{"loc":{"start":{"line":11,"column":4},"end":{"line":14,"column":null}},"type":"if","locations":[{"start":{"line":11,"column":4},"end":{"line":14,"column":null}}]}},"s":{"0":4,"1":4,"2":4,"3":11,"4":11,"5":11,"6":11,"7":1,"8":1,"9":11,"10":4},"f":{"0":11},"b":{"0":[1]}}
,"/Users/dhanushka.krishnajith/workspace/ledger-as-a-service-hackeroo/src/tracer.ts": {"path":"/Users/dhanushka.krishnajith/workspace/ledger-as-a-service-hackeroo/src/tracer.ts","statementMap":{"0":{"start":{"line":1,"column":0},"end":{"line":1,"column":30}},"1":{"start":{"line":2,"column":0},"end":{"line":2,"column":81}},"2":{"start":{"line":5,"column":0},"end":{"line":11,"column":3}},"3":{"start":{"line":12,"column":0},"end":{"line":12,"column":22}}},"fnMap":{},"branchMap":{},"s":{"0":2,"1":2,"2":2,"3":2},"f":{},"b":{}}
,"/Users/dhanushka.krishnajith/workspace/ledger-as-a-service-hackeroo/src/entities/account.ts": {"path":"/Users/dhanushka.krishnajith/workspace/ledger-as-a-service-hackeroo/src/entities/account.ts","statementMap":{"0":{"start":{"line":1,"column":0},"end":{"line":1,"column":115}},"1":{"start":{"line":2,"column":0},"end":{"line":2,"column":62}},"2":{"start":{"line":3,"column":0},"end":{"line":3,"column":34}},"3":{"start":{"line":4,"column":0},"end":{"line":4,"column":56}},"4":{"start":{"line":5,"column":0},"end":{"line":5,"column":60}},"5":{"start":{"line":37,"column":4},"end":{"line":37,"column":12}},"6":{"start":{"line":36,"column":22},"end":{"line":36,"column":43}},"7":{"start":{"line":41,"column":4},"end":{"line":44,"column":6}},"8":{"start":{"line":48,"column":42},"end":{"line":48,"column":46}},"9":{"start":{"line":49,"column":4},"end":{"line":49,"column":27}},"10":{"start":{"line":53,"column":21},"end":{"line":59,"column":6}},"11":{"start":{"line":62,"column":20},"end":{"line":66,"column":6}},"12":{"start":{"line":67,"column":4},"end":{"line":74,"column":null}},"13":{"start":{"line":68,"column":6},"end":{"line":68,"column":38}},"14":{"start":{"line":70,"column":6},"end":{"line":72,"column":null}},"15":{"start":{"line":71,"column":8},"end":{"line":71,"column":57}},"16":{"start":{"line":73,"column":6},"end":{"line":73,"column":14}},"17":{"start":{"line":75,"column":4},"end":{"line":75,"column":33}},"18":{"start":{"line":84,"column":20},"end":{"line":88,"column":6}},"19":{"start":{"line":90,"column":21},"end":{"line":90,"column":52}},"20":{"start":{"line":91,"column":4},"end":{"line":93,"column":null}},"21":{"start":{"line":92,"column":6},"end":{"line":92,"column":18}},"22":{"start":{"line":95,"column":4},"end":{"line":95,"column":50}},"23":{"start":{"line":107,"column":28},"end":{"line":124,"column":6}},"24":{"start":{"line":125,"column":4},"end":{"line":125,"column":19}},"25":{"start":{"line":35,"column":0},"end":{"line":35,"column":13}}},"fnMap":{"0":{"name":"(anonymous_0)","decl":{"start":{"line":36,"column":2},"end":{"line":36,"column":22}},"loc":{"start":{"line":36,"column":43},"end":{"line":38,"column":3}}},"1":{"name":"(anonymous_1)","decl":{"start":{"line":40,"column":2},"end":{"line":40,"column":8}},"loc":{"start":{"line":40,"column":8},"end":{"line":45,"column":3}}},"2":{"name":"(anonymous_2)","decl":{"start":{"line":47,"column":10},"end":{"line":47,"column":16}},"loc":{"start":{"line":47,"column":46},"end":{"line":50,"column":3}}},"3":{"name":"(anonymous_3)","decl":{"start":{"line":52,"column":2},"end":{"line":52,"column":7}},"loc":{"start":{"line":52,"column":54},"end":{"line":76,"column":3}}},"4":{"name":"(anonymous_4)","decl":{"start":{"line":83,"column":2},"end":{"line":83,"column":7}},"loc":{"start":{"line":83,"column":69},"end":{"line":96,"column":3}}},"5":{"name":"(anonymous_5)","decl":{"start":{"line":106,"column":2},"end":{"line":106,"column":32}},"loc":{"start":{"line":106,"column":116},"end":{"line":126,"column":3}}}},"branchMap":{"0":{"loc":{"start":{"line":70,"column":6},"end":{"line":72,"column":null}},"type":"if","locations":[{"start":{"line":70,"column":6},"end":{"line":72,"column":null}}]},"1":{"loc":{"start":{"line":83,"column":16},"end":{"line":83,"column":69}},"type":"default-arg","locations":[{"start":{"line":83,"column":67},"end":{"line":83,"column":69}}]},"2":{"loc":{"start":{"line":83,"column":18},"end":{"line":83,"column":40}},"type":"default-arg","locations":[{"start":{"line":83,"column":35},"end":{"line":83,"column":40}}]},"3":{"loc":{"start":{"line":91,"column":4},"end":{"line":93,"column":null}},"type":"if","locations":[{"start":{"line":91,"column":4},"end":{"line":93,"column":null}}]}},"s":{"0":3,"1":3,"2":3,"3":3,"4":3,"5":20,"6":20,"7":30,"8":9,"9":9,"10":5,"11":5,"12":5,"13":5,"14":1,"15":1,"16":0,"17":4,"18":18,"19":18,"20":18,"21":13,"22":5,"23":7,"24":7,"25":3},"f":{"0":20,"1":30,"2":9,"3":5,"4":18,"5":7},"b":{"0":[1],"1":[15],"2":[15],"3":[13]}}
,"/Users/dhanushka.krishnajith/workspace/ledger-as-a-service-hackeroo/src/entities/entity.ts": {"path":"/Users/dhanushka.krishnajith/workspace/ledger-as-a-service-hackeroo/src/entities/entity.ts","statementMap":{"0":{"start":{"line":2,"column":0},"end":{"line":2,"column":63}},"1":{"start":{"line":8,"column":4},"end":{"line":8,"column":38}},"2":{"start":{"line":4,"column":0},"end":{"line":4,"column":13}}},"fnMap":{"0":{"name":"(anonymous_0)","decl":{"start":{"line":7,"column":2},"end":{"line":7,"column":null}},"loc":{"start":{"line":7,"column":2},"end":{"line":9,"column":3}}}},"branchMap":{},"s":{"0":3,"1":39,"2":3},"f":{"0":39},"b":{}}
,"/Users/dhanushka.krishnajith/workspace/ledger-as-a-service-hackeroo/src/entities/transaction.ts": {"path":"/Users/dhanushka.krishnajith/workspace/ledger-as-a-service-hackeroo/src/entities/transaction.ts","statementMap":{"0":{"start":{"line":1,"column":0},"end":{"line":1,"column":83}},"1":{"start":{"line":2,"column":0},"end":{"line":2,"column":62}},"2":{"start":{"line":3,"column":0},"end":{"line":3,"column":57}},"3":{"start":{"line":4,"column":0},"end":{"line":4,"column":34}},"4":{"start":{"line":5,"column":0},"end":{"line":5,"column":56}},"5":{"start":{"line":6,"column":0},"end":{"line":6,"column":77}},"6":{"start":{"line":30,"column":13},"end":{"line":30,"column":49}},"7":{"start":{"line":34,"column":4},"end":{"line":34,"column":12}},"8":{"start":{"line":33,"column":22},"end":{"line":33,"column":43}},"9":{"start":{"line":44,"column":10},"end":{"line":44,"column":92}},"10":{"start":{"line":44,"column":49},"end":{"line":44,"column":91}},"11":{"start":{"line":46,"column":10},"end":{"line":49,"column":4}},"12":{"start":{"line":47,"column":37},"end":{"line":47,"column":41}},"13":{"start":{"line":48,"column":4},"end":{"line":48,"column":90}},"14":{"start":{"line":38,"column":4},"end":{"line":41,"column":6}},"15":{"start":{"line":52,"column":26},"end":{"line":52,"column":56}},"16":{"start":{"line":54,"column":18},"end":{"line":54,"column":47}},"17":{"start":{"line":55,"column":4},"end":{"line":63,"column":null}},"18":{"start":{"line":58,"column":6},"end":{"line":62,"column":null}},"19":{"start":{"line":59,"column":8},"end":{"line":59,"column":107}},"20":{"start":{"line":61,"column":8},"end":{"line":61,"column":20}},"21":{"start":{"line":65,"column":4},"end":{"line":70,"column":null}},"22":{"start":{"line":69,"column":6},"end":{"line":69,"column":106}},"23":{"start":{"line":72,"column":19},"end":{"line":72,"column":103}},"24":{"start":{"line":73,"column":24},"end":{"line":73,"column":73}},"25":{"start":{"line":75,"column":4},"end":{"line":77,"column":null}},"26":{"start":{"line":76,"column":6},"end":{"line":76,"column":59}},"27":{"start":{"line":79,"column":16},"end":{"line":79,"column":35}},"28":{"start":{"line":80,"column":53},"end":{"line":87,"column":6}},"29":{"start":{"line":89,"column":26},"end":{"line":92,"column":6}},"30":{"start":{"line":94,"column":23},"end":{"line":98,"column":6}},"31":{"start":{"line":101,"column":35},"end":{"line":110,"column":6}},"32":{"start":{"line":112,"column":20},"end":{"line":112,"column":73}},"33":{"start":{"line":113,"column":4},"end":{"line":113,"column":36}},"34":{"start":{"line":115,"column":4},"end":{"line":115,"column":40}},"35":{"start":{"line":119,"column":20},"end":{"line":128,"column":6}},"36":{"start":{"line":129,"column":16},"end":{"line":129,"column":47}},"37":{"start":{"line":130,"column":4},"end":{"line":130,"column":71}},"38":{"start":{"line":130,"column":34},"end":{"line":130,"column":63}},"39":{"start":{"line":32,"column":0},"end":{"line":32,"column":13}}},"fnMap":{"0":{"name":"(anonymous_0)","decl":{"start":{"line":33,"column":2},"end":{"line":33,"column":22}},"loc":{"start":{"line":33,"column":43},"end":{"line":35,"column":3}}},"1":{"name":"(anonymous_1)","decl":{"start":{"line":44,"column":33},"end":{"line":44,"column":34}},"loc":{"start":{"line":44,"column":49},"end":{"line":44,"column":91}}},"2":{"name":"(anonymous_2)","decl":{"start":{"line":46,"column":19},"end":{"line":46,"column":20}},"loc":{"start":{"line":46,"column":53},"end":{"line":49,"column":3}}},"3":{"name":"(anonymous_3)","decl":{"start":{"line":37,"column":10},"end":{"line":37,"column":16}},"loc":{"start":{"line":37,"column":44},"end":{"line":42,"column":3}}},"4":{"name":"(anonymous_4)","decl":{"start":{"line":51,"column":2},"end":{"line":51,"column":7}},"loc":{"start":{"line":51,"column":57},"end":{"line":116,"column":3}}},"5":{"name":"(anonymous_5)","decl":{"start":{"line":118,"column":2},"end":{"line":118,"column":7}},"loc":{"start":{"line":118,"column":88},"end":{"line":131,"column":3}}},"6":{"name":"(anonymous_6)","decl":{"start":{"line":130,"column":26},"end":{"line":130,"column":30}},"loc":{"start":{"line":130,"column":34},"end":{"line":130,"column":63}}}},"branchMap":{"0":{"loc":{"start":{"line":55,"column":4},"end":{"line":63,"column":null}},"type":"if","locations":[{"start":{"line":55,"column":4},"end":{"line":63,"column":null}}]},"1":{"loc":{"start":{"line":58,"column":6},"end":{"line":62,"column":null}},"type":"if","locations":[{"start":{"line":58,"column":6},"end":{"line":62,"column":null}},{"start":{"line":60,"column":13},"end":{"line":62,"column":null}}]},"2":{"loc":{"start":{"line":65,"column":4},"end":{"line":70,"column":null}},"type":"if","locations":[{"start":{"line":65,"column":4},"end":{"line":70,"column":null}}]},"3":{"loc":{"start":{"line":66,"column":6},"end":{"line":67,"column":72}},"type":"binary-expr","locations":[{"start":{"line":66,"column":6},"end":{"line":66,"column":69}},{"start":{"line":67,"column":6},"end":{"line":67,"column":72}}]},"4":{"loc":{"start":{"line":72,"column":19},"end":{"line":72,"column":103}},"type":"cond-expr","locations":[{"start":{"line":72,"column":45},"end":{"line":72,"column":99}},{"start":{"line":72,"column":102},"end":{"line":72,"column":103}}]},"5":{"loc":{"start":{"line":75,"column":4},"end":{"line":77,"column":null}},"type":"if","locations":[{"start":{"line":75,"column":4},"end":{"line":77,"column":null}}]},"6":{"loc":{"start":{"line":75,"column":8},"end":{"line":75,"column":95}},"type":"binary-expr","locations":[{"start":{"line":75,"column":8},"end":{"line":75,"column":54}},{"start":{"line":75,"column":58},"end":{"line":75,"column":95}}]},"7":{"loc":{"start":{"line":118,"column":16},"end":{"line":118,"column":88}},"type":"default-arg","locations":[{"start":{"line":118,"column":86},"end":{"line":118,"column":88}}]},"8":{"loc":{"start":{"line":118,"column":41},"end":{"line":118,"column":55}},"type":"default-arg","locations":[{"start":{"line":118,"column":50},"end":{"line":118,"column":55}}]},"9":{"loc":{"start":{"line":130,"column":11},"end":{"line":130,"column":70}},"type":"binary-expr","locations":[{"start":{"line":130,"column":11},"end":{"line":130,"column":64}},{"start":{"line":130,"column":68},"end":{"line":130,"column":70}}]}},"s":{"0":3,"1":3,"2":3,"3":3,"4":3,"5":3,"6":3,"7":19,"8":19,"9":19,"10":3,"11":19,"12":16,"13":16,"14":15,"15":15,"16":15,"17":15,"18":11,"19":10,"20":1,"21":9,"22":1,"23":8,"24":8,"25":8,"26":1,"27":7,"28":7,"29":7,"30":7,"31":7,"32":7,"33":7,"34":5,"35":8,"36":8,"37":8,"38":11,"39":3},"f":{"0":19,"1":3,"2":16,"3":15,"4":15,"5":8,"6":11},"b":{"0":[11],"1":[10,1],"2":[1],"3":[9,6],"4":[3,5],"5":[1],"6":[8,2],"7":[6],"8":[7],"9":[8,0]}}
,"/Users/dhanushka.krishnajith/workspace/ledger-as-a-service-hackeroo/src/middleware/commonHeaders.ts": {"path":"/Users/dhanushka.krishnajith/workspace/ledger-as-a-service-hackeroo/src/middleware/commonHeaders.ts","statementMap":{"0":{"start":{"line":3,"column":39},"end":{"line":6,"column":1}},"1":{"start":{"line":4,"column":2},"end":{"line":4,"column":52}},"2":{"start":{"line":5,"column":2},"end":{"line":5,"column":9}},"3":{"start":{"line":3,"column":13},"end":{"line":3,"column":39}}},"fnMap":{"0":{"name":"(anonymous_0)","decl":{"start":{"line":3,"column":39},"end":{"line":3,"column":40}},"loc":{"start":{"line":3,"column":92},"end":{"line":6,"column":1}}}},"branchMap":{},"s":{"0":2,"1":18,"2":18,"3":2},"f":{"0":18},"b":{}}
,"/Users/dhanushka.krishnajith/workspace/ledger-as-a-service-hackeroo/src/middleware/errorHandler.ts": {"path":"/Users/dhanushka.krishnajith/workspace/ledger-as-a-service-hackeroo/src/middleware/errorHandler.ts","statementMap":{"0":{"start":{"line":1,"column":0},"end":{"line":1,"column":19}},"1":{"start":{"line":2,"column":0},"end":{"line":2,"column":30}},"2":{"start":{"line":5,"column":0},"end":{"line":5,"column":32}},"3":{"start":{"line":6,"column":0},"end":{"line":6,"column":29}},"4":{"start":{"line":7,"column":0},"end":{"line":7,"column":53}},"5":{"start":{"line":8,"column":0},"end":{"line":8,"column":46}},"6":{"start":{"line":10,"column":39},"end":{"line":51,"column":1}},"7":{"start":{"line":16,"column":15},"end":{"line":16,"column":38}},"8":{"start":{"line":17,"column":2},"end":{"line":22,"column":null}},"9":{"start":{"line":18,"column":4},"end":{"line":18,"column":31}},"10":{"start":{"line":19,"column":4},"end":{"line":19,"column":42}},"11":{"start":{"line":20,"column":4},"end":{"line":20,"column":42}},"12":{"start":{"line":21,"column":4},"end":{"line":21,"column":52}},"13":{"start":{"line":24,"column":2},"end":{"line":50,"column":null}},"14":{"start":{"line":29,"column":4},"end":{"line":32,"column":7}},"15":{"start":{"line":35,"column":4},"end":{"line":37,"column":null}},"16":{"start":{"line":43,"column":4},"end":{"line":49,"column":7}},"17":{"start":{"line":10,"column":13},"end":{"line":10,"column":39}}},"fnMap":{"0":{"name":"(anonymous_1)","decl":{"start":{"line":10,"column":39},"end":{"line":10,"column":null}},"loc":{"start":{"line":15,"column":10},"end":{"line":51,"column":1}}}},"branchMap":{"0":{"loc":{"start":{"line":17,"column":2},"end":{"line":22,"column":null}},"type":"if","locations":[{"start":{"line":17,"column":2},"end":{"line":22,"column":null}}]},"1":{"loc":{"start":{"line":24,"column":2},"end":{"line":50,"column":null}},"type":"if","locations":[{"start":{"line":24,"column":2},"end":{"line":50,"column":null}},{"start":{"line":33,"column":9},"end":{"line":50,"column":null}}]}},"s":{"0":2,"1":2,"2":2,"3":2,"4":2,"5":2,"6":2,"7":13,"8":13,"9":0,"10":0,"11":0,"12":0,"13":13,"14":8,"15":5,"16":5,"17":2},"f":{"0":13},"b":{"0":[0],"1":[8,5]}}
,"/Users/dhanushka.krishnajith/workspace/ledger-as-a-service-hackeroo/src/services/organisationBalance.ts": {"path":"/Users/dhanushka.krishnajith/workspace/ledger-as-a-service-hackeroo/src/services/organisationBalance.ts","statementMap":{"0":{"start":{"line":1,"column":0},"end":{"line":1,"column":72}},"1":{"start":{"line":2,"column":0},"end":{"line":2,"column":103}},"2":{"start":{"line":3,"column":0},"end":{"line":3,"column":88}},"3":{"start":{"line":4,"column":0},"end":{"line":4,"column":111}},"4":{"start":{"line":5,"column":0},"end":{"line":5,"column":41}},"5":{"start":{"line":16,"column":2},"end":{"line":49,"column":4}},"6":{"start":{"line":21,"column":18},"end":{"line":21,"column":19}},"7":{"start":{"line":22,"column":16},"end":{"line":22,"column":27}},"8":{"start":{"line":24,"column":28},"end":{"line":24,"column":30}},"9":{"start":{"line":25,"column":30},"end":{"line":25,"column":65}},"10":{"start":{"line":26,"column":4},"end":{"line":39,"column":null}},"11":{"start":{"line":27,"column":6},"end":{"line":38,"column":null}},"12":{"start":{"line":28,"column":8},"end":{"line":28,"column":65}},"13":{"start":{"line":30,"column":8},"end":{"line":32,"column":null}},"14":{"start":{"line":31,"column":10},"end":{"line":31,"column":22}},"15":{"start":{"line":33,"column":8},"end":{"line":33,"column":36}},"16":{"start":{"line":35,"column":8},"end":{"line":35,"column":18}},"17":{"start":{"line":36,"column":8},"end":{"line":36,"column":27}},"18":{"start":{"line":37,"column":8},"end":{"line":37,"column":19}},"19":{"start":{"line":41,"column":26},"end":{"line":41,"column":103}},"20":{"start":{"line":41,"column":47},"end":{"line":41,"column":90}},"21":{"start":{"line":42,"column":25},"end":{"line":42,"column":99}},"22":{"start":{"line":44,"column":4},"end":{"line":48,"column":null}},"23":{"start":{"line":44,"column":30},"end":{"line":44,"column":75}},"24":{"start":{"line":45,"column":6},"end":{"line":45,"column":55}},"25":{"start":{"line":47,"column":6},"end":{"line":47,"column":36}},"26":{"start":{"line":51,"column":2},"end":{"line":54,"column":4}},"27":{"start":{"line":52,"column":30},"end":{"line":52,"column":65}},"28":{"start":{"line":53,"column":4},"end":{"line":53,"column":45}},"29":{"start":{"line":56,"column":2},"end":{"line":65,"column":4}},"30":{"start":{"line":57,"column":26},"end":{"line":57,"column":57}},"31":{"start":{"line":58,"column":20},"end":{"line":58,"column":73}},"32":{"start":{"line":60,"column":4},"end":{"line":62,"column":null}},"33":{"start":{"line":61,"column":6},"end":{"line":61,"column":88}},"34":{"start":{"line":64,"column":4},"end":{"line":64,"column":19}},"35":{"start":{"line":67,"column":2},"end":{"line":70,"column":4}},"36":{"start":{"line":68,"column":26},"end":{"line":68,"column":57}},"37":{"start":{"line":69,"column":4},"end":{"line":69,"column":73}},"38":{"start":{"line":13,"column":4},"end":{"line":13,"column":27}},"39":{"start":{"line":9,"column":0},"end":{"line":9,"column":13}}},"fnMap":{"0":{"name":"(anonymous_0)","decl":{"start":{"line":12,"column":2},"end":{"line":12,"column":14}},"loc":{"start":{"line":12,"column":49},"end":{"line":14,"column":3}}},"1":{"name":"(anonymous_1)","decl":{"start":{"line":16,"column":30},"end":{"line":16,"column":35}},"loc":{"start":{"line":20,"column":6},"end":{"line":49,"column":3}}},"2":{"name":"(anonymous_2)","decl":{"start":{"line":41,"column":37},"end":{"line":41,"column":42}},"loc":{"start":{"line":41,"column":47},"end":{"line":41,"column":90}}},"3":{"name":"(anonymous_3)","decl":{"start":{"line":44,"column":21},"end":{"line":44,"column":26}},"loc":{"start":{"line":44,"column":30},"end":{"line":44,"column":75}}},"4":{"name":"(anonymous_4)","decl":{"start":{"line":51,"column":23},"end":{"line":51,"column":28}},"loc":{"start":{"line":51,"column":67},"end":{"line":54,"column":3}}},"5":{"name":"(anonymous_5)","decl":{"start":{"line":56,"column":15},"end":{"line":56,"column":20}},"loc":{"start":{"line":56,"column":94},"end":{"line":65,"column":3}}},"6":{"name":"(anonymous_6)","decl":{"start":{"line":67,"column":18},"end":{"line":67,"column":23}},"loc":{"start":{"line":67,"column":68},"end":{"line":70,"column":3}}}},"branchMap":{"0":{"loc":{"start":{"line":30,"column":8},"end":{"line":32,"column":null}},"type":"if","locations":[{"start":{"line":30,"column":8},"end":{"line":32,"column":null}}]},"1":{"loc":{"start":{"line":30,"column":12},"end":{"line":30,"column":90}},"type":"binary-expr","locations":[{"start":{"line":30,"column":12},"end":{"line":30,"column":46}},{"start":{"line":30,"column":50},"end":{"line":30,"column":90}}]},"2":{"loc":{"start":{"line":41,"column":47},"end":{"line":41,"column":90}},"type":"cond-expr","locations":[{"start":{"line":41,"column":72},"end":{"line":41,"column":85}},{"start":{"line":41,"column":88},"end":{"line":41,"column":90}}]},"3":{"loc":{"start":{"line":44,"column":4},"end":{"line":48,"column":null}},"type":"if","locations":[{"start":{"line":44,"column":4},"end":{"line":48,"column":null}},{"start":{"line":46,"column":11},"end":{"line":48,"column":null}}]},"4":{"loc":{"start":{"line":56,"column":22},"end":{"line":56,"column":90}},"type":"default-arg","locations":[{"start":{"line":56,"column":88},"end":{"line":56,"column":90}}]},"5":{"loc":{"start":{"line":60,"column":4},"end":{"line":62,"column":null}},"type":"if","locations":[{"start":{"line":60,"column":4},"end":{"line":62,"column":null}}]},"6":{"loc":{"start":{"line":60,"column":8},"end":{"line":60,"column":116}},"type":"binary-expr","locations":[{"start":{"line":60,"column":8},"end":{"line":60,"column":15}},{"start":{"line":60,"column":19},"end":{"line":60,"column":64}},{"start":{"line":60,"column":68},"end":{"line":60,"column":116}}]},"7":{"loc":{"start":{"line":69,"column":50},"end":{"line":69,"column":69}},"type":"binary-expr","locations":[{"start":{"line":69,"column":50},"end":{"line":69,"column":64}},{"start":{"line":69,"column":68},"end":{"line":69,"column":69}}]}},"s":{"0":3,"1":3,"2":3,"3":3,"4":3,"5":6,"6":11,"7":11,"8":11,"9":11,"10":11,"11":15,"12":15,"13":9,"14":2,"15":7,"16":7,"17":7,"18":7,"19":3,"20":5,"21":3,"22":3,"23":4,"24":1,"25":2,"26":6,"27":8,"28":8,"29":6,"30":3,"31":3,"32":3,"33":1,"34":2,"35":6,"36":2,"37":2,"38":6,"39":3},"f":{"0":6,"1":11,"2":5,"3":4,"4":8,"5":3,"6":2},"b":{"0":[2],"1":[9,8],"2":[5,0],"3":[1,2],"4":[1],"5":[1],"6":[3,1,1],"7":[2,0]}}
,"/Users/dhanushka.krishnajith/workspace/ledger-as-a-service-hackeroo/src/utils/config.ts": {"path":"/Users/dhanushka.krishnajith/workspace/ledger-as-a-service-hackeroo/src/utils/config.ts","statementMap":{"0":{"start":{"line":2,"column":0},"end":{"line":2,"column":28}},"1":{"start":{"line":6,"column":0},"end":{"line":6,"column":16}},"2":{"start":{"line":7,"column":13},"end":{"line":7,"column":44}},"3":{"start":{"line":8,"column":13},"end":{"line":8,"column":56}},"4":{"start":{"line":9,"column":13},"end":{"line":9,"column":64}},"5":{"start":{"line":10,"column":13},"end":{"line":10,"column":49}},"6":{"start":{"line":11,"column":13},"end":{"line":11,"column":48}},"7":{"start":{"line":13,"column":13},"end":{"line":27,"column":2}},"8":{"start":{"line":29,"column":13},"end":{"line":29,"column":41}}},"fnMap":{},"branchMap":{},"s":{"0":8,"1":8,"2":8,"3":8,"4":8,"5":8,"6":8,"7":8,"8":8},"f":{},"b":{}}
,"/Users/dhanushka.krishnajith/workspace/ledger-as-a-service-hackeroo/src/utils/errors.ts": {"path":"/Users/dhanushka.krishnajith/workspace/ledger-as-a-service-hackeroo/src/utils/errors.ts","statementMap":{"0":{"start":{"line":3,"column":0},"end":{"line":3,"column":22}},"1":{"start":{"line":12,"column":4},"end":{"line":12,"column":12}},"2":{"start":{"line":9,"column":9},"end":{"line":9,"column":26}},"3":{"start":{"line":10,"column":9},"end":{"line":10,"column":22}},"4":{"start":{"line":13,"column":4},"end":{"line":13,"column":88}},"5":{"start":{"line":14,"column":4},"end":{"line":14,"column":36}},"6":{"start":{"line":8,"column":0},"end":{"line":8,"column":13}},"7":{"start":{"line":22,"column":4},"end":{"line":22,"column":12}},"8":{"start":{"line":19,"column":9},"end":{"line":19,"column":26}},"9":{"start":{"line":20,"column":9},"end":{"line":20,"column":22}},"10":{"start":{"line":23,"column":4},"end":{"line":23,"column":104}},"11":{"start":{"line":24,"column":4},"end":{"line":24,"column":43}},"12":{"start":{"line":18,"column":0},"end":{"line":18,"column":13}},"13":{"start":{"line":32,"column":4},"end":{"line":32,"column":12}},"14":{"start":{"line":29,"column":9},"end":{"line":29,"column":26}},"15":{"start":{"line":30,"column":9},"end":{"line":30,"column":22}},"16":{"start":{"line":33,"column":4},"end":{"line":33,"column":175}},"17":{"start":{"line":34,"column":4},"end":{"line":34,"column":42}},"18":{"start":{"line":28,"column":0},"end":{"line":28,"column":13}},"19":{"start":{"line":43,"column":4},"end":{"line":43,"column":12}},"20":{"start":{"line":39,"column":9},"end":{"line":39,"column":26}},"21":{"start":{"line":40,"column":9},"end":{"line":40,"column":22}},"22":{"start":{"line":41,"column":9},"end":{"line":41,"column":31}},"23":{"start":{"line":44,"column":4},"end":{"line":44,"column":67}},"24":{"start":{"line":45,"column":4},"end":{"line":45,"column":34}},"25":{"start":{"line":46,"column":4},"end":{"line":46,"column":25}},"26":{"start":{"line":38,"column":0},"end":{"line":38,"column":13}},"27":{"start":{"line":54,"column":4},"end":{"line":54,"column":12}},"28":{"start":{"line":51,"column":9},"end":{"line":51,"column":26}},"29":{"start":{"line":52,"column":9},"end":{"line":52,"column":22}},"30":{"start":{"line":55,"column":4},"end":{"line":55,"column":104}},"31":{"start":{"line":56,"column":4},"end":{"line":56,"column":44}},"32":{"start":{"line":50,"column":0},"end":{"line":50,"column":13}}},"fnMap":{"0":{"name":"(anonymous_0)","decl":{"start":{"line":11,"column":2},"end":{"line":11,"column":14}},"loc":{"start":{"line":11,"column":27},"end":{"line":15,"column":3}}},"1":{"name":"(anonymous_1)","decl":{"start":{"line":21,"column":2},"end":{"line":21,"column":14}},"loc":{"start":{"line":21,"column":29},"end":{"line":25,"column":3}}},"2":{"name":"(anonymous_2)","decl":{"start":{"line":31,"column":2},"end":{"line":31,"column":14}},"loc":{"start":{"line":31,"column":61},"end":{"line":35,"column":3}}},"3":{"name":"(anonymous_3)","decl":{"start":{"line":42,"column":2},"end":{"line":42,"column":14}},"loc":{"start":{"line":42,"column":30},"end":{"line":47,"column":3}}},"4":{"name":"(anonymous_4)","decl":{"start":{"line":53,"column":2},"end":{"line":53,"column":14}},"loc":{"start":{"line":53,"column":60},"end":{"line":57,"column":3}}}},"branchMap":{},"s":{"0":5,"1":3,"2":3,"3":3,"4":3,"5":3,"6":5,"7":2,"8":2,"9":2,"10":2,"11":2,"12":5,"13":3,"14":3,"15":3,"16":3,"17":3,"18":5,"19":3,"20":3,"21":3,"22":3,"23":3,"24":3,"25":3,"26":5,"27":2,"28":2,"29":2,"30":2,"31":2,"32":5},"f":{"0":3,"1":2,"2":3,"3":3,"4":2},"b":{}}
,"/Users/dhanushka.krishnajith/workspace/ledger-as-a-service-hackeroo/src/utils/helpers.ts": {"path":"/Users/dhanushka.krishnajith/workspace/ledger-as-a-service-hackeroo/src/utils/helpers.ts","statementMap":{"0":{"start":{"line":1,"column":21},"end":{"line":1,"column":102}},"1":{"start":{"line":1,"column":46},"end":{"line":1,"column":102}},"2":{"start":{"line":1,"column":75},"end":{"line":1,"column":101}},"3":{"start":{"line":1,"column":13},"end":{"line":1,"column":21}}},"fnMap":{"0":{"name":"(anonymous_0)","decl":{"start":{"line":1,"column":21},"end":{"line":1,"column":26}},"loc":{"start":{"line":1,"column":46},"end":{"line":1,"column":102}}},"1":{"name":"(anonymous_1)","decl":{"start":{"line":1,"column":64},"end":{"line":1,"column":71}},"loc":{"start":{"line":1,"column":75},"end":{"line":1,"column":101}}}},"branchMap":{},"s":{"0":3,"1":7,"2":7,"3":3},"f":{"0":7,"1":7},"b":{}}
}
