TN:
SF:src/index.ts
FN:42,(anonymous_7)
FN:54,(anonymous_8)
FN:73,(anonymous_9)
FN:100,(anonymous_10)
FN:122,(anonymous_11)
FN:141,(anonymous_12)
FNF:6
FNH:6
FNDA:17,(anonymous_7)
FNDA:10,(anonymous_8)
FNDA:2,(anonymous_9)
FNDA:2,(anonymous_10)
FNDA:3,(anonymous_11)
FNDA:1,(anonymous_12)
DA:1,2
DA:3,2
DA:11,2
DA:12,2
DA:13,2
DA:14,2
DA:17,2
DA:18,2
DA:20,2
DA:21,2
DA:22,2
DA:42,2
DA:44,17
DA:45,1
DA:47,16
DA:48,1
DA:52,2
DA:55,10
DA:56,10
DA:57,10
DA:58,10
DA:60,8
DA:62,8
DA:63,1
DA:64,1
DA:66,9
DA:71,2
DA:74,2
DA:80,2
DA:82,2
DA:84,2
DA:86,2
DA:90,1
DA:91,1
DA:93,1
DA:98,2
DA:101,2
DA:106,2
DA:108,2
DA:109,2
DA:111,2
DA:114,1
DA:115,1
DA:117,1
DA:122,2
DA:123,3
DA:124,3
DA:126,3
DA:127,3
DA:128,1
DA:130,2
DA:132,2
DA:133,1
DA:134,1
DA:136,2
DA:141,2
DA:142,1
DA:145,2
LF:58
LH:58
BRDA:44,0,0,1
BRDA:47,1,0,1
BRDA:87,2,0,1
BRDA:87,2,1,1
BRDA:112,3,0,1
BRDA:112,3,1,1
BRDA:127,4,0,1
BRF:7
BRH:7
end_of_record
TN:
SF:src/pino.ts
FN:5,(anonymous_1)
FNF:1
FNH:1
FNDA:11,(anonymous_1)
DA:1,4
DA:2,4
DA:4,4
DA:6,11
DA:7,11
DA:8,11
DA:11,11
DA:12,1
DA:13,1
DA:16,11
DA:23,4
LF:11
LH:11
BRDA:11,0,0,1
BRF:1
BRH:1
end_of_record
TN:
SF:src/tracer.ts
FNF:0
FNH:0
DA:1,2
DA:2,2
DA:5,2
DA:12,2
LF:4
LH:4
BRF:0
BRH:0
end_of_record
TN:
SF:src/entities/account.ts
FN:36,(anonymous_0)
FN:40,(anonymous_1)
FN:47,(anonymous_2)
FN:52,(anonymous_3)
FN:83,(anonymous_4)
FN:106,(anonymous_5)
FNF:6
FNH:6
FNDA:20,(anonymous_0)
FNDA:30,(anonymous_1)
FNDA:9,(anonymous_2)
FNDA:5,(anonymous_3)
FNDA:18,(anonymous_4)
FNDA:7,(anonymous_5)
DA:1,3
DA:2,3
DA:3,3
DA:4,3
DA:5,3
DA:35,3
DA:36,20
DA:37,20
DA:41,30
DA:48,9
DA:49,9
DA:53,5
DA:62,5
DA:67,5
DA:68,5
DA:70,1
DA:71,1
DA:73,0
DA:75,4
DA:84,18
DA:90,18
DA:91,18
DA:92,13
DA:95,5
DA:107,7
DA:125,7
LF:26
LH:25
BRDA:70,0,0,1
BRDA:83,1,0,15
BRDA:83,2,0,15
BRDA:91,3,0,13
BRF:4
BRH:4
end_of_record
TN:
SF:src/entities/entity.ts
FN:7,(anonymous_0)
FNF:1
FNH:1
FNDA:39,(anonymous_0)
DA:2,3
DA:4,3
DA:8,39
LF:3
LH:3
BRF:0
BRH:0
end_of_record
TN:
SF:src/entities/transaction.ts
FN:33,(anonymous_0)
FN:44,(anonymous_1)
FN:46,(anonymous_2)
FN:37,(anonymous_3)
FN:51,(anonymous_4)
FN:118,(anonymous_5)
FN:130,(anonymous_6)
FNF:7
FNH:7
FNDA:19,(anonymous_0)
FNDA:3,(anonymous_1)
FNDA:16,(anonymous_2)
FNDA:15,(anonymous_3)
FNDA:15,(anonymous_4)
FNDA:8,(anonymous_5)
FNDA:11,(anonymous_6)
DA:1,3
DA:2,3
DA:3,3
DA:4,3
DA:5,3
DA:6,3
DA:30,3
DA:32,3
DA:33,19
DA:34,19
DA:38,15
DA:44,19
DA:46,19
DA:47,16
DA:48,16
DA:52,15
DA:54,15
DA:55,15
DA:58,11
DA:59,10
DA:61,1
DA:65,9
DA:69,1
DA:72,8
DA:73,8
DA:75,8
DA:76,1
DA:79,7
DA:80,7
DA:89,7
DA:94,7
DA:101,7
DA:112,7
DA:113,7
DA:115,5
DA:119,8
DA:129,8
DA:130,11
LF:38
LH:38
BRDA:55,0,0,11
BRDA:58,1,0,10
BRDA:58,1,1,1
BRDA:65,2,0,1
BRDA:66,3,0,9
BRDA:66,3,1,6
BRDA:72,4,0,3
BRDA:72,4,1,5
BRDA:75,5,0,1
BRDA:75,6,0,8
BRDA:75,6,1,2
BRDA:118,7,0,6
BRDA:118,8,0,7
BRDA:130,9,0,8
BRDA:130,9,1,0
BRF:15
BRH:14
end_of_record
TN:
SF:src/middleware/commonHeaders.ts
FN:3,(anonymous_0)
FNF:1
FNH:1
FNDA:18,(anonymous_0)
DA:3,2
DA:4,18
DA:5,18
LF:3
LH:3
BRF:0
BRH:0
end_of_record
TN:
SF:src/middleware/errorHandler.ts
FN:10,(anonymous_1)
FNF:1
FNH:1
FNDA:13,(anonymous_1)
DA:1,2
DA:2,2
DA:5,2
DA:6,2
DA:7,2
DA:8,2
DA:10,2
DA:16,13
DA:17,13
DA:18,0
DA:19,0
DA:20,0
DA:21,0
DA:24,13
DA:29,8
DA:35,5
DA:43,5
LF:17
LH:13
BRDA:17,0,0,0
BRDA:24,1,0,8
BRDA:24,1,1,5
BRF:3
BRH:2
end_of_record
TN:
SF:src/services/organisationBalance.ts
FN:12,(anonymous_0)
FN:16,(anonymous_1)
FN:41,(anonymous_2)
FN:44,(anonymous_3)
FN:51,(anonymous_4)
FN:56,(anonymous_5)
FN:67,(anonymous_6)
FNF:7
FNH:7
FNDA:6,(anonymous_0)
FNDA:11,(anonymous_1)
FNDA:5,(anonymous_2)
FNDA:4,(anonymous_3)
FNDA:8,(anonymous_4)
FNDA:3,(anonymous_5)
FNDA:2,(anonymous_6)
DA:1,3
DA:2,3
DA:3,3
DA:4,3
DA:5,3
DA:9,3
DA:13,6
DA:16,6
DA:21,11
DA:22,11
DA:24,11
DA:25,11
DA:26,11
DA:27,15
DA:28,15
DA:30,9
DA:31,2
DA:33,7
DA:35,7
DA:36,7
DA:37,7
DA:41,5
DA:42,3
DA:44,4
DA:45,1
DA:47,2
DA:51,6
DA:52,8
DA:53,8
DA:56,6
DA:57,3
DA:58,3
DA:60,3
DA:61,1
DA:64,2
DA:67,6
DA:68,2
DA:69,2
LF:38
LH:38
BRDA:30,0,0,2
BRDA:30,1,0,9
BRDA:30,1,1,8
BRDA:41,2,0,5
BRDA:41,2,1,0
BRDA:44,3,0,1
BRDA:44,3,1,2
BRDA:56,4,0,1
BRDA:60,5,0,1
BRDA:60,6,0,3
BRDA:60,6,1,1
BRDA:60,6,2,1
BRDA:69,7,0,2
BRDA:69,7,1,0
BRF:14
BRH:12
end_of_record
TN:
SF:src/utils/config.ts
FNF:0
FNH:0
DA:2,8
DA:6,8
DA:7,8
DA:8,8
DA:9,8
DA:10,8
DA:11,8
DA:13,8
DA:29,8
LF:9
LH:9
BRF:0
BRH:0
end_of_record
TN:
SF:src/utils/errors.ts
FN:11,(anonymous_0)
FN:21,(anonymous_1)
FN:31,(anonymous_2)
FN:42,(anonymous_3)
FN:53,(anonymous_4)
FNF:5
FNH:5
FNDA:3,(anonymous_0)
FNDA:2,(anonymous_1)
FNDA:3,(anonymous_2)
FNDA:3,(anonymous_3)
FNDA:2,(anonymous_4)
DA:3,5
DA:8,5
DA:9,3
DA:10,3
DA:12,3
DA:13,3
DA:14,3
DA:18,5
DA:19,2
DA:20,2
DA:22,2
DA:23,2
DA:24,2
DA:28,5
DA:29,3
DA:30,3
DA:32,3
DA:33,3
DA:34,3
DA:38,5
DA:39,3
DA:40,3
DA:41,3
DA:43,3
DA:44,3
DA:45,3
DA:46,3
DA:50,5
DA:51,2
DA:52,2
DA:54,2
DA:55,2
DA:56,2
LF:33
LH:33
BRF:0
BRH:0
end_of_record
TN:
SF:src/utils/helpers.ts
FN:1,(anonymous_0)
FN:1,(anonymous_1)
FNF:2
FNH:2
FNDA:7,(anonymous_0)
FNDA:7,(anonymous_1)
DA:1,7
LF:1
LH:1
BRF:0
BRH:0
end_of_record
